# JRE version: OpenJDK Runtime Environment (8.0_312-b07) (build 1.8.0_312-b07)
# Java VM: OpenJDK 64-Bit Server VM (25.312-b07 mixed mode windows-amd64 compressed oops)
Heap:
 PSYoungGen      total 479744K, used 123799K [0x00000000e0000000, 0x00000000ffe00000, 0x0000000100000000)
  eden space 437760K, 26% used [0x00000000e0000000,0x00000000e70ae2b0,0x00000000fab80000)
  from space 41984K, 20% used [0x00000000fab80000,0x00000000fb3b7cd8,0x00000000fd480000)
  to   space 40960K, 0% used [0x00000000fd600000,0x00000000fd600000,0x00000000ffe00000)
 ParOldGen       total 239616K, used 183796K [0x00000000a0000000, 0x00000000aea00000, 0x00000000e0000000)
  object space 239616K, 76% used [0x00000000a0000000,0x00000000ab37d2f0,0x00000000aea00000)
 Metaspace       used 100520K, capacity 104590K, committed 104832K, reserved 1140736K
  class space    used 13125K, capacity 13940K, committed 13952K, reserved 1048576K
GC Heap History (10 events):
Event: 823.352 GC heap before
{Heap before GC invocations=33 (full 4):
 PSYoungGen      total 471552K, used 429820K [0x00000000e0000000, 0x00000000ffe00000, 0x0000000100000000)
  eden space 423936K, 100% used [0x00000000e0000000,0x00000000f9e00000,0x00000000f9e00000)
  from space 47616K, 12% used [0x00000000fcc80000,0x00000000fd23f340,0x00000000ffb00000)
  to   space 47616K, 0% used [0x00000000f9e00000,0x00000000f9e00000,0x00000000fcc80000)
 ParOldGen       total 239616K, used 155900K [0x00000000a0000000, 0x00000000aea00000, 0x00000000e0000000)
  object space 239616K, 65% used [0x00000000a0000000,0x00000000a983f168,0x00000000aea00000)
 Metaspace       used 100284K, capacity 104294K, committed 104576K, reserved 1140736K
  class space    used 13094K, capacity 13896K, committed 13952K, reserved 1048576K
Event: 823.380 GC heap after
Heap after GC invocations=33 (full 4):
 PSYoungGen      total 471552K, used 17952K [0x00000000e0000000, 0x00000000ffb00000, 0x0000000100000000)
  eden space 423936K, 0% used [0x00000000e0000000,0x00000000e0000000,0x00000000f9e00000)
  from space 47616K, 37% used [0x00000000f9e00000,0x00000000faf88130,0x00000000fcc80000)
  to   space 45056K, 0% used [0x00000000fcf00000,0x00000000fcf00000,0x00000000ffb00000)
 ParOldGen       total 239616K, used 159276K [0x00000000a0000000, 0x00000000aea00000, 0x00000000e0000000)
  object space 239616K, 66% used [0x00000000a0000000,0x00000000a9b8b210,0x00000000aea00000)
 Metaspace       used 100284K, capacity 104294K, committed 104576K, reserved 1140736K
  class space    used 13094K, capacity 13896K, committed 13952K, reserved 1048576K
}
Event: 824.131 GC heap before
{Heap before GC invocations=34 (full 4):
 PSYoungGen      total 471552K, used 441888K [0x00000000e0000000, 0x00000000ffb00000, 0x0000000100000000)
  eden space 423936K, 100% used [0x00000000e0000000,0x00000000f9e00000,0x00000000f9e00000)
  from space 47616K, 37% used [0x00000000f9e00000,0x00000000faf88130,0x00000000fcc80000)
  to   space 45056K, 0% used [0x00000000fcf00000,0x00000000fcf00000,0x00000000ffb00000)
 ParOldGen       total 239616K, used 159276K [0x00000000a0000000, 0x00000000aea00000, 0x00000000e0000000)
  object space 239616K, 66% used [0x00000000a0000000,0x00000000a9b8b210,0x00000000aea00000)
 Metaspace       used 100406K, capacity 104462K, committed 104576K, reserved 1140736K
  class space    used 13114K, capacity 13930K, committed 13952K, reserved 1048576K
Event: 824.156 GC heap after
Heap after GC invocations=34 (full 4):
 PSYoungGen      total 474624K, used 15556K [0x00000000e0000000, 0x00000000ff980000, 0x0000000100000000)
  eden space 431104K, 0% used [0x00000000e0000000,0x00000000e0000000,0x00000000fa500000)
  from space 43520K, 35% used [0x00000000fcf00000,0x00000000fde31070,0x00000000ff980000)
  to   space 43008K, 0% used [0x00000000fa500000,0x00000000fa500000,0x00000000fcf00000)
 ParOldGen       total 239616K, used 162073K [0x00000000a0000000, 0x00000000aea00000, 0x00000000e0000000)
  object space 239616K, 67% used [0x00000000a0000000,0x00000000a9e467c0,0x00000000aea00000)
 Metaspace       used 100406K, capacity 104462K, committed 104576K, reserved 1140736K
  class space    used 13114K, capacity 13930K, committed 13952K, reserved 1048576K
}
Event: 824.927 GC heap before
{Heap before GC invocations=35 (full 4):
 PSYoungGen      total 474624K, used 446660K [0x00000000e0000000, 0x00000000ff980000, 0x0000000100000000)
  eden space 431104K, 100% used [0x00000000e0000000,0x00000000fa500000,0x00000000fa500000)
  from space 43520K, 35% used [0x00000000fcf00000,0x00000000fde31070,0x00000000ff980000)
  to   space 43008K, 0% used [0x00000000fa500000,0x00000000fa500000,0x00000000fcf00000)
 ParOldGen       total 239616K, used 162073K [0x00000000a0000000, 0x00000000aea00000, 0x00000000e0000000)
  object space 239616K, 67% used [0x00000000a0000000,0x00000000a9e467c0,0x00000000aea00000)
 Metaspace       used 100444K, capacity 104470K, committed 104576K, reserved 1140736K
  class space    used 13115K, capacity 13930K, committed 13952K, reserved 1048576K
Event: 824.954 GC heap after
Heap after GC invocations=35 (full 4):
 PSYoungGen      total 474112K, used 23409K [0x00000000e0000000, 0x00000000ffd80000, 0x0000000100000000)
  eden space 431104K, 0% used [0x00000000e0000000,0x00000000e0000000,0x00000000fa500000)
  from space 43008K, 54% used [0x00000000fa500000,0x00000000fbbdc5f0,0x00000000fcf00000)
  to   space 41984K, 0% used [0x00000000fd480000,0x00000000fd480000,0x00000000ffd80000)
 ParOldGen       total 239616K, used 166233K [0x00000000a0000000, 0x00000000aea00000, 0x00000000e0000000)
  object space 239616K, 69% used [0x00000000a0000000,0x00000000aa256798,0x00000000aea00000)
 Metaspace       used 100444K, capacity 104470K, committed 104576K, reserved 1140736K
  class space    used 13115K, capacity 13930K, committed 13952K, reserved 1048576K
}
Event: 825.569 GC heap before
{Heap before GC invocations=36 (full 4):
 PSYoungGen      total 474112K, used 454513K [0x00000000e0000000, 0x00000000ffd80000, 0x0000000100000000)
  eden space 431104K, 100% used [0x00000000e0000000,0x00000000fa500000,0x00000000fa500000)
  from space 43008K, 54% used [0x00000000fa500000,0x00000000fbbdc5f0,0x00000000fcf00000)
  to   space 41984K, 0% used [0x00000000fd480000,0x00000000fd480000,0x00000000ffd80000)
 ParOldGen       total 239616K, used 166233K [0x00000000a0000000, 0x00000000aea00000, 0x00000000e0000000)
  object space 239616K, 69% used [0x00000000a0000000,0x00000000aa256798,0x00000000aea00000)
 Metaspace       used 100498K, capacity 104526K, committed 104576K, reserved 1140736K
  class space    used 13125K, capacity 13940K, committed 13952K, reserved 1048576K
Event: 825.586 GC heap after
Heap after GC invocations=36 (full 4):
 PSYoungGen      total 479744K, used 8085K [0x00000000e0000000, 0x00000000fff00000, 0x0000000100000000)
  eden space 437760K, 0% used [0x00000000e0000000,0x00000000e0000000,0x00000000fab80000)
  from space 41984K, 19% used [0x00000000fd480000,0x00000000fdc65788,0x00000000ffd80000)
  to   space 41984K, 0% used [0x00000000fab80000,0x00000000fab80000,0x00000000fd480000)
 ParOldGen       total 239616K, used 180041K [0x00000000a0000000, 0x00000000aea00000, 0x00000000e0000000)
  object space 239616K, 75% used [0x00000000a0000000,0x00000000aafd24f8,0x00000000aea00000)
 Metaspace       used 100498K, capacity 104526K, committed 104576K, reserved 1140736K
  class space    used 13125K, capacity 13940K, committed 13952K, reserved 1048576K
}
Event: 826.285 GC heap before
{Heap before GC invocations=37 (full 4):
 PSYoungGen      total 479744K, used 445845K [0x00000000e0000000, 0x00000000fff00000, 0x0000000100000000)
  eden space 437760K, 100% used [0x00000000e0000000,0x00000000fab80000,0x00000000fab80000)
  from space 41984K, 19% used [0x00000000fd480000,0x00000000fdc65788,0x00000000ffd80000)
  to   space 41984K, 0% used [0x00000000fab80000,0x00000000fab80000,0x00000000fd480000)
 ParOldGen       total 239616K, used 180041K [0x00000000a0000000, 0x00000000aea00000, 0x00000000e0000000)
  object space 239616K, 75% used [0x00000000a0000000,0x00000000aafd24f8,0x00000000aea00000)
 Metaspace       used 100512K, capacity 104590K, committed 104832K, reserved 1140736K
  class space    used 13125K, capacity 13940K, committed 13952K, reserved 1048576K
Event: 826.299 GC heap after
Heap after GC invocations=37 (full 4):
 PSYoungGen      total 479744K, used 8415K [0x00000000e0000000, 0x00000000ffe00000, 0x0000000100000000)
  eden space 437760K, 0% used [0x00000000e0000000,0x00000000e0000000,0x00000000fab80000)
  from space 41984K, 20% used [0x00000000fab80000,0x00000000fb3b7cd8,0x00000000fd480000)
  to   space 40960K, 0% used [0x00000000fd600000,0x00000000fd600000,0x00000000ffe00000)
 ParOldGen       total 239616K, used 183796K [0x00000000a0000000, 0x00000000aea00000, 0x00000000e0000000)
  object space 239616K, 76% used [0x00000000a0000000,0x00000000ab37d2f0,0x00000000aea00000)
 Metaspace       used 100512K, capacity 104590K, committed 104832K, reserved 1140736K
  class space    used 13125K, capacity 13940K, committed 13952K, reserved 1048576K
}

